<?xml version="1.0" encoding="UTF-8"?>
<robot generator="Robot 3.2.2 (Python 3.8.5 on win32)" generated="20201207 17:52:37.342" rpa="false">
<suite id="s1" name="Login" source="C:\robot\web\testes\login.robot">
<test id="s1-t1" name="Login com sucesso">
<kw name="Nova Sessão" library="base" type="setup">
<kw name="Open Browser" library="SeleniumLibrary">
<doc>Opens a new browser instance to the optional ``url``.</doc>
<arguments>
<arg>${url}</arg>
<arg>chrome</arg>
</arguments>
<msg timestamp="20201207 17:52:37.606" level="INFO">Opening browser 'chrome' to base url 'https://training-wheels-protocol.herokuapp.com'.</msg>
<status status="PASS" starttime="20201207 17:52:37.606" endtime="20201207 17:52:42.936"></status>
</kw>
<status status="PASS" starttime="20201207 17:52:37.605" endtime="20201207 17:52:42.936"></status>
</kw>
<kw name="Go To" library="SeleniumLibrary">
<doc>Navigates the current browser window to the provided ``url``.</doc>
<arguments>
<arg>${url}/login</arg>
</arguments>
<msg timestamp="20201207 17:52:42.937" level="INFO">Opening url 'https://training-wheels-protocol.herokuapp.com/login'</msg>
<status status="PASS" starttime="20201207 17:52:42.936" endtime="20201207 17:52:43.365"></status>
</kw>
<kw name="Input Text" library="SeleniumLibrary">
<doc>Types the given ``text`` into the text field identified by ``locator``.</doc>
<arguments>
<arg>css:input[name=username]</arg>
<arg>stark</arg>
</arguments>
<msg timestamp="20201207 17:52:43.366" level="INFO">Typing text 'stark' into text field 'css:input[name=username]'.</msg>
<status status="PASS" starttime="20201207 17:52:43.366" endtime="20201207 17:52:43.448"></status>
</kw>
<kw name="Input Text" library="SeleniumLibrary">
<doc>Types the given ``text`` into the text field identified by ``locator``.</doc>
<arguments>
<arg>css:input[name=password]</arg>
<arg>jarvis!</arg>
</arguments>
<msg timestamp="20201207 17:52:43.449" level="INFO">Typing text 'jarvis!' into text field 'css:input[name=password]'.</msg>
<status status="PASS" starttime="20201207 17:52:43.449" endtime="20201207 17:52:43.530"></status>
</kw>
<kw name="Click Element" library="SeleniumLibrary">
<doc>Click the element identified by ``locator``.</doc>
<arguments>
<arg>class:btn-login</arg>
</arguments>
<msg timestamp="20201207 17:52:43.531" level="INFO">Clicking element 'class:btn-login'.</msg>
<status status="PASS" starttime="20201207 17:52:43.531" endtime="20201207 17:52:44.009"></status>
</kw>
<kw name="Page Should Contain" library="SeleniumLibrary">
<doc>Verifies that current page contains ``text``.</doc>
<arguments>
<arg>Olá, Tony Stark. Você acessou a área logada!</arg>
</arguments>
<msg timestamp="20201207 17:52:44.024" level="INFO">Current page contains text 'Olá, Tony Stark. Você acessou a área logada!'.</msg>
<status status="PASS" starttime="20201207 17:52:44.009" endtime="20201207 17:52:44.024"></status>
</kw>
<kw name="Encerra Sessão" library="base" type="teardown">
<kw name="Close Browser" library="SeleniumLibrary">
<doc>Closes the current browser.</doc>
<status status="PASS" starttime="20201207 17:52:44.025" endtime="20201207 17:52:46.210"></status>
</kw>
<status status="PASS" starttime="20201207 17:52:44.025" endtime="20201207 17:52:46.211"></status>
</kw>
<status status="PASS" starttime="20201207 17:52:37.604" endtime="20201207 17:52:46.211" critical="yes"></status>
</test>
<status status="PASS" starttime="20201207 17:52:37.344" endtime="20201207 17:52:46.213"></status>
</suite>
<statistics>
<total>
<stat pass="1" fail="0">Critical Tests</stat>
<stat pass="1" fail="0">All Tests</stat>
</total>
<tag>
</tag>
<suite>
<stat pass="1" fail="0" id="s1" name="Login">Login</stat>
</suite>
</statistics>
<errors>
</errors>
</robot>
