<?xml version="1.0" encoding="UTF-8"?>
<robot generator="Robot 3.2.2 (Python 3.8.5 on win32)" generated="20201207 10:32:23.470" rpa="false">
<suite id="s1" name="Radio" source="C:\robot\web\testes\radio.robot">
<test id="s1-t1" name="Selecionando por ID">
<kw name="Nova Sessão" library="base" type="setup">
<kw name="Open Browser" library="SeleniumLibrary">
<doc>Opens a new browser instance to the optional ``url``.</doc>
<arguments>
<arg>${url}</arg>
<arg>chrome</arg>
</arguments>
<msg timestamp="20201207 10:32:23.715" level="INFO">Opening browser 'chrome' to base url 'https://training-wheels-protocol.herokuapp.com'.</msg>
<status status="PASS" starttime="20201207 10:32:23.715" endtime="20201207 10:32:29.169"></status>
</kw>
<status status="PASS" starttime="20201207 10:32:23.715" endtime="20201207 10:32:29.170"></status>
</kw>
<kw name="Go To" library="SeleniumLibrary">
<doc>Navigates the current browser window to the provided ``url``.</doc>
<arguments>
<arg>${url}/radios</arg>
</arguments>
<msg timestamp="20201207 10:32:29.170" level="INFO">Opening url 'https://training-wheels-protocol.herokuapp.com/radios'</msg>
<status status="PASS" starttime="20201207 10:32:29.170" endtime="20201207 10:32:29.571"></status>
</kw>
<kw name="Select Radio Button" library="SeleniumLibrary">
<doc>Sets the radio button group ``group_name`` to ``value``.</doc>
<arguments>
<arg>movies</arg>
<arg>cap</arg>
</arguments>
<msg timestamp="20201207 10:32:29.572" level="INFO">Selecting 'cap' from radio button 'movies'.</msg>
<status status="PASS" starttime="20201207 10:32:29.571" endtime="20201207 10:32:29.684"></status>
</kw>
<kw name="Radio Button Should Be Set To" library="SeleniumLibrary">
<doc>Verifies radio button group ``group_name`` is set to ``value``.</doc>
<arguments>
<arg>movies</arg>
<arg>cap</arg>
</arguments>
<msg timestamp="20201207 10:32:29.684" level="INFO">Verifying radio button 'movies' has selection 'cap'.</msg>
<status status="PASS" starttime="20201207 10:32:29.684" endtime="20201207 10:32:29.707"></status>
</kw>
<kw name="Sleep" library="BuiltIn">
<doc>Pauses the test executed for the given time.</doc>
<arguments>
<arg>5</arg>
</arguments>
<msg timestamp="20201207 10:32:34.709" level="INFO">Slept 5 seconds</msg>
<status status="PASS" starttime="20201207 10:32:29.707" endtime="20201207 10:32:34.709"></status>
</kw>
<kw name="Encerra Sessão" library="base" type="teardown">
<kw name="Close Browser" library="SeleniumLibrary">
<doc>Closes the current browser.</doc>
<status status="PASS" starttime="20201207 10:32:34.710" endtime="20201207 10:32:36.895"></status>
</kw>
<status status="PASS" starttime="20201207 10:32:34.710" endtime="20201207 10:32:36.895"></status>
</kw>
<status status="PASS" starttime="20201207 10:32:23.715" endtime="20201207 10:32:36.896" critical="yes"></status>
</test>
<status status="PASS" starttime="20201207 10:32:23.472" endtime="20201207 10:32:36.897"></status>
</suite>
<statistics>
<total>
<stat pass="1" fail="0">Critical Tests</stat>
<stat pass="1" fail="0">All Tests</stat>
</total>
<tag>
</tag>
<suite>
<stat pass="1" fail="0" id="s1" name="Radio">Radio</stat>
</suite>
</statistics>
<errors>
</errors>
</robot>
