<?xml version="1.0" encoding="UTF-8"?>
<robot generator="Robot 3.2.2 (Python 3.8.5 on win32)" generated="20201204 16:54:27.534" rpa="false">
<suite id="s1" name="Testes" source="C:\robot\web\testes">
<suite id="s1-s1" name="Checkbox" source="C:\robot\web\testes\checkbox.robot">
<test id="s1-s1-t1" name="Marcando opcao com id">
<kw name="Nova Sessão" library="base" type="setup">
<kw name="Open Browser" library="SeleniumLibrary">
<doc>Opens a new browser instance to the optional ``url``.</doc>
<arguments>
<arg>${url}</arg>
<arg>chrome</arg>
</arguments>
<msg timestamp="20201204 16:54:27.800" level="INFO">Opening browser 'chrome' to base url 'https://training-wheels-protocol.herokuapp.com'.</msg>
<status status="PASS" starttime="20201204 16:54:27.800" endtime="20201204 16:54:33.170"></status>
</kw>
<status status="PASS" starttime="20201204 16:54:27.800" endtime="20201204 16:54:33.170"></status>
</kw>
<kw name="Go To" library="SeleniumLibrary">
<doc>Navigates the current browser window to the provided ``url``.</doc>
<arguments>
<arg>${url}/checkboxes</arg>
</arguments>
<msg timestamp="20201204 16:54:33.171" level="INFO">Opening url 'https://training-wheels-protocol.herokuapp.com/checkboxes'</msg>
<status status="PASS" starttime="20201204 16:54:33.171" endtime="20201204 16:54:33.462"></status>
</kw>
<kw name="Select Checkbox" library="SeleniumLibrary">
<doc>Selects the checkbox identified by ``locator``.</doc>
<arguments>
<arg>id:thor</arg>
</arguments>
<msg timestamp="20201204 16:54:33.463" level="INFO">Selecting checkbox 'id:thor'.</msg>
<status status="PASS" starttime="20201204 16:54:33.463" endtime="20201204 16:54:33.549"></status>
</kw>
<kw name="Checkbox Should Be Selected" library="SeleniumLibrary">
<doc>Verifies checkbox ``locator`` is selected/checked.</doc>
<arguments>
<arg>id:thor</arg>
</arguments>
<msg timestamp="20201204 16:54:33.550" level="INFO">Verifying checkbox 'id:thor' is selected.</msg>
<status status="PASS" starttime="20201204 16:54:33.550" endtime="20201204 16:54:33.570"></status>
</kw>
<kw name="Close Browser" library="SeleniumLibrary">
<doc>Closes the current browser.</doc>
<status status="PASS" starttime="20201204 16:54:33.571" endtime="20201204 16:54:35.967"></status>
</kw>
<kw name="Encerra Sessão" library="base" type="teardown">
<kw name="Close Browser" library="SeleniumLibrary">
<doc>Closes the current browser.</doc>
<status status="PASS" starttime="20201204 16:54:35.968" endtime="20201204 16:54:35.968"></status>
</kw>
<status status="PASS" starttime="20201204 16:54:35.968" endtime="20201204 16:54:35.969"></status>
</kw>
<tags>
<tag>teste</tag>
</tags>
<status status="PASS" starttime="20201204 16:54:27.799" endtime="20201204 16:54:35.969" critical="yes"></status>
</test>
<test id="s1-s1-t2" name="Marcando CSS Selector">
<kw name="Nova Sessão" library="base" type="setup">
<kw name="Open Browser" library="SeleniumLibrary">
<doc>Opens a new browser instance to the optional ``url``.</doc>
<arguments>
<arg>${url}</arg>
<arg>chrome</arg>
</arguments>
<msg timestamp="20201204 16:54:35.971" level="INFO">Opening browser 'chrome' to base url 'https://training-wheels-protocol.herokuapp.com'.</msg>
<status status="PASS" starttime="20201204 16:54:35.971" endtime="20201204 16:54:41.229"></status>
</kw>
<status status="PASS" starttime="20201204 16:54:35.971" endtime="20201204 16:54:41.229"></status>
</kw>
<kw name="Go To" library="SeleniumLibrary">
<doc>Navigates the current browser window to the provided ``url``.</doc>
<arguments>
<arg>${url}/checkboxes</arg>
</arguments>
<msg timestamp="20201204 16:54:41.230" level="INFO">Opening url 'https://training-wheels-protocol.herokuapp.com/checkboxes'</msg>
<status status="PASS" starttime="20201204 16:54:41.230" endtime="20201204 16:54:41.510"></status>
</kw>
<kw name="Select Checkbox" library="SeleniumLibrary">
<doc>Selects the checkbox identified by ``locator``.</doc>
<arguments>
<arg>${check_iron}</arg>
</arguments>
<msg timestamp="20201204 16:54:41.510" level="INFO">Selecting checkbox 'css:input[value='iron-man']'.</msg>
<status status="PASS" starttime="20201204 16:54:41.510" endtime="20201204 16:54:41.585"></status>
</kw>
<kw name="Checkbox Should Be Selected" library="SeleniumLibrary">
<doc>Verifies checkbox ``locator`` is selected/checked.</doc>
<arguments>
<arg>${check_iron}</arg>
</arguments>
<msg timestamp="20201204 16:54:41.586" level="INFO">Verifying checkbox 'css:input[value='iron-man']' is selected.</msg>
<status status="PASS" starttime="20201204 16:54:41.586" endtime="20201204 16:54:41.604"></status>
</kw>
<kw name="Close Browser" library="SeleniumLibrary">
<doc>Closes the current browser.</doc>
<status status="PASS" starttime="20201204 16:54:41.604" endtime="20201204 16:54:43.802"></status>
</kw>
<kw name="Encerra Sessão" library="base" type="teardown">
<kw name="Close Browser" library="SeleniumLibrary">
<doc>Closes the current browser.</doc>
<status status="PASS" starttime="20201204 16:54:43.803" endtime="20201204 16:54:43.803"></status>
</kw>
<status status="PASS" starttime="20201204 16:54:43.803" endtime="20201204 16:54:43.804"></status>
</kw>
<status status="PASS" starttime="20201204 16:54:35.970" endtime="20201204 16:54:43.804" critical="yes"></status>
</test>
<test id="s1-s1-t3" name="Marcando com Xpath">
<kw name="Nova Sessão" library="base" type="setup">
<kw name="Open Browser" library="SeleniumLibrary">
<doc>Opens a new browser instance to the optional ``url``.</doc>
<arguments>
<arg>${url}</arg>
<arg>chrome</arg>
</arguments>
<msg timestamp="20201204 16:54:43.807" level="INFO">Opening browser 'chrome' to base url 'https://training-wheels-protocol.herokuapp.com'.</msg>
<status status="PASS" starttime="20201204 16:54:43.806" endtime="20201204 16:54:49.158"></status>
</kw>
<status status="PASS" starttime="20201204 16:54:43.806" endtime="20201204 16:54:49.158"></status>
</kw>
<kw name="Go To" library="SeleniumLibrary">
<doc>Navigates the current browser window to the provided ``url``.</doc>
<arguments>
<arg>${url}/checkboxes</arg>
</arguments>
<msg timestamp="20201204 16:54:49.159" level="INFO">Opening url 'https://training-wheels-protocol.herokuapp.com/checkboxes'</msg>
<status status="PASS" starttime="20201204 16:54:49.158" endtime="20201204 16:54:49.435"></status>
</kw>
<kw name="Select Checkbox" library="SeleniumLibrary">
<doc>Selects the checkbox identified by ``locator``.</doc>
<arguments>
<arg>${check_panther}</arg>
</arguments>
<msg timestamp="20201204 16:54:49.436" level="INFO">Selecting checkbox 'xpath://*[@id='checkboxes']/input[7]'.</msg>
<status status="PASS" starttime="20201204 16:54:49.436" endtime="20201204 16:54:49.516"></status>
</kw>
<kw name="Checkbox Should Be Selected" library="SeleniumLibrary">
<doc>Verifies checkbox ``locator`` is selected/checked.</doc>
<arguments>
<arg>${check_panther}</arg>
</arguments>
<msg timestamp="20201204 16:54:49.516" level="INFO">Verifying checkbox 'xpath://*[@id='checkboxes']/input[7]' is selected.</msg>
<status status="PASS" starttime="20201204 16:54:49.516" endtime="20201204 16:54:49.538"></status>
</kw>
<kw name="Close Browser" library="SeleniumLibrary">
<doc>Closes the current browser.</doc>
<status status="PASS" starttime="20201204 16:54:49.538" endtime="20201204 16:54:51.714"></status>
</kw>
<kw name="Encerra Sessão" library="base" type="teardown">
<kw name="Close Browser" library="SeleniumLibrary">
<doc>Closes the current browser.</doc>
<status status="PASS" starttime="20201204 16:54:51.715" endtime="20201204 16:54:51.715"></status>
</kw>
<status status="PASS" starttime="20201204 16:54:51.715" endtime="20201204 16:54:51.716"></status>
</kw>
<status status="PASS" starttime="20201204 16:54:43.806" endtime="20201204 16:54:51.716" critical="yes"></status>
</test>
<status status="PASS" starttime="20201204 16:54:27.571" endtime="20201204 16:54:51.718"></status>
</suite>
<suite id="s1-s2" name="Title" source="C:\robot\web\testes\title.robot">
<test id="s1-s2-t1" name="Should See Page Title">
<kw name="Nova Sessão" library="base" type="setup">
<kw name="Open Browser" library="SeleniumLibrary">
<doc>Opens a new browser instance to the optional ``url``.</doc>
<arguments>
<arg>${url}</arg>
<arg>chrome</arg>
</arguments>
<msg timestamp="20201204 16:54:51.726" level="INFO">Opening browser 'chrome' to base url 'https://training-wheels-protocol.herokuapp.com'.</msg>
<status status="PASS" starttime="20201204 16:54:51.726" endtime="20201204 16:54:56.974"></status>
</kw>
<status status="PASS" starttime="20201204 16:54:51.725" endtime="20201204 16:54:56.974"></status>
</kw>
<kw name="Title Should Be" library="SeleniumLibrary">
<doc>Verifies that the current page title equals ``title``.</doc>
<arguments>
<arg>Training Wheels Protocol</arg>
</arguments>
<msg timestamp="20201204 16:54:56.979" level="INFO">Page title is 'Training Wheels Protocol'.</msg>
<status status="PASS" starttime="20201204 16:54:56.975" endtime="20201204 16:54:56.979"></status>
</kw>
<kw name="Encerra Sessão" library="base" type="teardown">
<kw name="Close Browser" library="SeleniumLibrary">
<doc>Closes the current browser.</doc>
<status status="PASS" starttime="20201204 16:54:56.980" endtime="20201204 16:54:59.201"></status>
</kw>
<status status="PASS" starttime="20201204 16:54:56.980" endtime="20201204 16:54:59.201"></status>
</kw>
<status status="PASS" starttime="20201204 16:54:51.725" endtime="20201204 16:54:59.201" critical="yes"></status>
</test>
<status status="PASS" starttime="20201204 16:54:51.720" endtime="20201204 16:54:59.203"></status>
</suite>
<status status="PASS" starttime="20201204 16:54:27.537" endtime="20201204 16:54:59.207"></status>
</suite>
<statistics>
<total>
<stat pass="4" fail="0">Critical Tests</stat>
<stat pass="4" fail="0">All Tests</stat>
</total>
<tag>
<stat pass="1" fail="0">teste</stat>
</tag>
<suite>
<stat pass="4" fail="0" id="s1" name="Testes">Testes</stat>
<stat pass="3" fail="0" id="s1-s1" name="Checkbox">Testes.Checkbox</stat>
<stat pass="1" fail="0" id="s1-s2" name="Title">Testes.Title</stat>
</suite>
</statistics>
<errors>
</errors>
</robot>
