<?xml version="1.0" encoding="UTF-8"?>
<robot generator="Robot 3.2.2 (Python 3.8.5 on win32)" generated="20201207 17:41:50.503" rpa="false">
<suite id="s1" name="Tables" source="C:\robot\web\testes\tables.robot">
<test id="s1-t1" name="Verifica o valor ao informar o numero da linha">
<kw name="Nova Sessão" library="base" type="setup">
<kw name="Open Browser" library="SeleniumLibrary">
<doc>Opens a new browser instance to the optional ``url``.</doc>
<arguments>
<arg>${url}</arg>
<arg>chrome</arg>
</arguments>
<msg timestamp="20201207 17:41:50.757" level="INFO">Opening browser 'chrome' to base url 'https://training-wheels-protocol.herokuapp.com'.</msg>
<status status="PASS" starttime="20201207 17:41:50.757" endtime="20201207 17:41:56.341"></status>
</kw>
<status status="PASS" starttime="20201207 17:41:50.757" endtime="20201207 17:41:56.341"></status>
</kw>
<kw name="Go To" library="SeleniumLibrary">
<doc>Navigates the current browser window to the provided ``url``.</doc>
<arguments>
<arg>${url}/tables</arg>
</arguments>
<msg timestamp="20201207 17:41:56.343" level="INFO">Opening url 'https://training-wheels-protocol.herokuapp.com/tables'</msg>
<status status="PASS" starttime="20201207 17:41:56.342" endtime="20201207 17:41:56.710"></status>
</kw>
<kw name="Table Row Should Contain" library="SeleniumLibrary">
<doc>Verifies that table row contains text ``expected``.</doc>
<arguments>
<arg>id:actors</arg>
<arg>2</arg>
<arg>@vindiesel</arg>
</arguments>
<status status="PASS" starttime="20201207 17:41:56.711" endtime="20201207 17:41:56.770"></status>
</kw>
<kw name="Encerra Sessão" library="base" type="teardown">
<kw name="Close Browser" library="SeleniumLibrary">
<doc>Closes the current browser.</doc>
<status status="PASS" starttime="20201207 17:41:56.771" endtime="20201207 17:41:58.973"></status>
</kw>
<status status="PASS" starttime="20201207 17:41:56.771" endtime="20201207 17:41:58.973"></status>
</kw>
<status status="PASS" starttime="20201207 17:41:50.756" endtime="20201207 17:41:58.974" critical="yes"></status>
</test>
<test id="s1-t2" name="Descubra a linha pelo texto chave e valida os demais valores">
<kw name="Nova Sessão" library="base" type="setup">
<kw name="Open Browser" library="SeleniumLibrary">
<doc>Opens a new browser instance to the optional ``url``.</doc>
<arguments>
<arg>${url}</arg>
<arg>chrome</arg>
</arguments>
<msg timestamp="20201207 17:41:58.977" level="INFO">Opening browser 'chrome' to base url 'https://training-wheels-protocol.herokuapp.com'.</msg>
<status status="PASS" starttime="20201207 17:41:58.977" endtime="20201207 17:42:04.782"></status>
</kw>
<status status="PASS" starttime="20201207 17:41:58.976" endtime="20201207 17:42:04.782"></status>
</kw>
<kw name="Go To" library="SeleniumLibrary">
<doc>Navigates the current browser window to the provided ``url``.</doc>
<arguments>
<arg>${url}/tables</arg>
</arguments>
<msg timestamp="20201207 17:42:04.783" level="INFO">Opening url 'https://training-wheels-protocol.herokuapp.com/tables'</msg>
<status status="PASS" starttime="20201207 17:42:04.783" endtime="20201207 17:42:05.608"></status>
</kw>
<kw name="Get WebElement" library="SeleniumLibrary">
<doc>Returns the first WebElement matching the given ``locator``.</doc>
<arguments>
<arg>xpath:.//tr[contains(., '@robert')]</arg>
</arguments>
<assign>
<var>${target}</var>
</assign>
<msg timestamp="20201207 17:42:05.625" level="INFO">${target} = &lt;selenium.webdriver.remote.webelement.WebElement (session="ecb63fc5173fd97338027b1c9d8a8963", element="77af0ddf-bf0a-4f78-8bee-810ce77bdad2")&gt;</msg>
<status status="PASS" starttime="20201207 17:42:05.609" endtime="20201207 17:42:05.625"></status>
</kw>
<kw name="Log" library="BuiltIn">
<doc>Logs the given message with the given level.</doc>
<arguments>
<arg>${target.text}</arg>
</arguments>
<msg timestamp="20201207 17:42:05.652" level="INFO">Robert Downey Jr Homem de Ferro Vingadores $ 10.000.000 @robertdowneyjr edit delete</msg>
<status status="PASS" starttime="20201207 17:42:05.625" endtime="20201207 17:42:05.652"></status>
</kw>
<kw name="Log To Console" library="BuiltIn">
<doc>Logs the given message to the console.</doc>
<arguments>
<arg>${target.text}</arg>
</arguments>
<status status="PASS" starttime="20201207 17:42:05.652" endtime="20201207 17:42:05.671"></status>
</kw>
<kw name="Should Contain" library="BuiltIn">
<doc>Fails if ``container`` does not contain ``item`` one or more times.</doc>
<arguments>
<arg>${target.text}</arg>
<arg>$</arg>
<arg>10.000.000</arg>
</arguments>
<status status="PASS" starttime="20201207 17:42:05.672" endtime="20201207 17:42:05.689"></status>
</kw>
<kw name="Should Contain" library="BuiltIn">
<doc>Fails if ``container`` does not contain ``item`` one or more times.</doc>
<arguments>
<arg>${target.text}</arg>
<arg>Robert Downey Jr</arg>
</arguments>
<status status="PASS" starttime="20201207 17:42:05.689" endtime="20201207 17:42:05.701"></status>
</kw>
<kw name="Encerra Sessão" library="base" type="teardown">
<kw name="Close Browser" library="SeleniumLibrary">
<doc>Closes the current browser.</doc>
<status status="PASS" starttime="20201207 17:42:05.702" endtime="20201207 17:42:07.876"></status>
</kw>
<status status="PASS" starttime="20201207 17:42:05.701" endtime="20201207 17:42:07.877"></status>
</kw>
<status status="PASS" starttime="20201207 17:41:58.976" endtime="20201207 17:42:07.878" critical="yes"></status>
</test>
<status status="PASS" starttime="20201207 17:41:50.505" endtime="20201207 17:42:07.880"></status>
</suite>
<statistics>
<total>
<stat pass="2" fail="0">Critical Tests</stat>
<stat pass="2" fail="0">All Tests</stat>
</total>
<tag>
</tag>
<suite>
<stat pass="2" fail="0" id="s1" name="Tables">Tables</stat>
</suite>
</statistics>
<errors>
</errors>
</robot>
