<?xml version="1.0" encoding="UTF-8"?>
<robot generator="Robot 3.2.2 (Python 3.8.5 on win32)" generated="20201207 16:58:26.952" rpa="false">
<suite id="s1" name="Droplist" source="C:\robot\web\testes\droplist.robot">
<test id="s1-t1" name="Selecionar a pagina">
<kw name="Nova Sessão" library="base" type="setup">
<kw name="Open Browser" library="SeleniumLibrary">
<doc>Opens a new browser instance to the optional ``url``.</doc>
<arguments>
<arg>${url}</arg>
<arg>chrome</arg>
</arguments>
<msg timestamp="20201207 16:58:27.187" level="INFO">Opening browser 'chrome' to base url 'https://training-wheels-protocol.herokuapp.com'.</msg>
<status status="PASS" starttime="20201207 16:58:27.187" endtime="20201207 16:58:32.573"></status>
</kw>
<status status="PASS" starttime="20201207 16:58:27.186" endtime="20201207 16:58:32.573"></status>
</kw>
<kw name="Go To" library="SeleniumLibrary">
<doc>Navigates the current browser window to the provided ``url``.</doc>
<arguments>
<arg>${url}/dropdown</arg>
</arguments>
<msg timestamp="20201207 16:58:32.575" level="INFO">Opening url 'https://training-wheels-protocol.herokuapp.com/dropdown'</msg>
<status status="PASS" starttime="20201207 16:58:32.574" endtime="20201207 16:58:32.850"></status>
</kw>
<kw name="Select From List By Label" library="SeleniumLibrary">
<doc>Selects options from selection list ``locator`` by ``labels``.</doc>
<arguments>
<arg>class:avenger-list</arg>
<arg>Scott Lang</arg>
</arguments>
<msg timestamp="20201207 16:58:32.851" level="INFO">Selecting options from selection list 'class:avenger-list' by label Scott Lang.</msg>
<status status="PASS" starttime="20201207 16:58:32.851" endtime="20201207 16:58:32.921"></status>
</kw>
<kw name="Sleep" library="BuiltIn">
<doc>Pauses the test executed for the given time.</doc>
<arguments>
<arg>5</arg>
</arguments>
<msg timestamp="20201207 16:58:37.933" level="INFO">Slept 5 seconds</msg>
<status status="PASS" starttime="20201207 16:58:32.921" endtime="20201207 16:58:37.933"></status>
</kw>
<kw name="Encerra Sessão" library="base" type="teardown">
<kw name="Close Browser" library="SeleniumLibrary">
<doc>Closes the current browser.</doc>
<status status="PASS" starttime="20201207 16:58:37.934" endtime="20201207 16:58:40.136"></status>
</kw>
<status status="PASS" starttime="20201207 16:58:37.934" endtime="20201207 16:58:40.136"></status>
</kw>
<status status="PASS" starttime="20201207 16:58:27.185" endtime="20201207 16:58:40.137" critical="yes"></status>
</test>
<test id="s1-t2" name="Selecionar pelo valor">
<kw name="Nova Sessão" library="base" type="setup">
<kw name="Open Browser" library="SeleniumLibrary">
<doc>Opens a new browser instance to the optional ``url``.</doc>
<arguments>
<arg>${url}</arg>
<arg>chrome</arg>
</arguments>
<msg timestamp="20201207 16:58:40.140" level="INFO">Opening browser 'chrome' to base url 'https://training-wheels-protocol.herokuapp.com'.</msg>
<status status="PASS" starttime="20201207 16:58:40.140" endtime="20201207 16:58:45.554"></status>
</kw>
<status status="PASS" starttime="20201207 16:58:40.140" endtime="20201207 16:58:45.554"></status>
</kw>
<kw name="Go To" library="SeleniumLibrary">
<doc>Navigates the current browser window to the provided ``url``.</doc>
<arguments>
<arg>${url}/dropdown</arg>
</arguments>
<msg timestamp="20201207 16:58:45.555" level="INFO">Opening url 'https://training-wheels-protocol.herokuapp.com/dropdown'</msg>
<status status="PASS" starttime="20201207 16:58:45.555" endtime="20201207 16:58:45.814"></status>
</kw>
<kw name="Select From List By Value" library="SeleniumLibrary">
<doc>Selects options from selection list ``locator`` by ``values``.</doc>
<arguments>
<arg>id:dropdown</arg>
<arg>6</arg>
</arguments>
<msg timestamp="20201207 16:58:45.815" level="INFO">Selecting options from selection list 'id:dropdown' by value 6.</msg>
<status status="PASS" starttime="20201207 16:58:45.815" endtime="20201207 16:58:45.879"></status>
</kw>
<kw name="Sleep" library="BuiltIn">
<doc>Pauses the test executed for the given time.</doc>
<arguments>
<arg>5</arg>
</arguments>
<msg timestamp="20201207 16:58:50.896" level="INFO">Slept 5 seconds</msg>
<status status="PASS" starttime="20201207 16:58:45.880" endtime="20201207 16:58:50.896"></status>
</kw>
<kw name="Encerra Sessão" library="base" type="teardown">
<kw name="Close Browser" library="SeleniumLibrary">
<doc>Closes the current browser.</doc>
<status status="PASS" starttime="20201207 16:58:50.897" endtime="20201207 16:58:53.072"></status>
</kw>
<status status="PASS" starttime="20201207 16:58:50.897" endtime="20201207 16:58:53.073"></status>
</kw>
<status status="PASS" starttime="20201207 16:58:40.139" endtime="20201207 16:58:53.073" critical="yes"></status>
</test>
<status status="PASS" starttime="20201207 16:58:26.954" endtime="20201207 16:58:53.075"></status>
</suite>
<statistics>
<total>
<stat pass="2" fail="0">Critical Tests</stat>
<stat pass="2" fail="0">All Tests</stat>
</total>
<tag>
</tag>
<suite>
<stat pass="2" fail="0" id="s1" name="Droplist">Droplist</stat>
</suite>
</statistics>
<errors>
</errors>
</robot>
