<?xml version="1.0" encoding="UTF-8"?>
<robot generator="Robot 3.2.2 (Python 3.8.5 on win32)" generated="20201207 17:18:22.750" rpa="false">
<suite id="s1" name="Droplist" source="C:\robot\web\testes\droplist.robot">
<test id="s1-t1" name="Selecionar a pagina por texto e valida pelo valor">
<kw name="Nova Sessão" library="base" type="setup">
<kw name="Open Browser" library="SeleniumLibrary">
<doc>Opens a new browser instance to the optional ``url``.</doc>
<arguments>
<arg>${url}</arg>
<arg>chrome</arg>
</arguments>
<msg timestamp="20201207 17:18:22.984" level="INFO">Opening browser 'chrome' to base url 'https://training-wheels-protocol.herokuapp.com'.</msg>
<status status="PASS" starttime="20201207 17:18:22.984" endtime="20201207 17:18:28.573"></status>
</kw>
<status status="PASS" starttime="20201207 17:18:22.983" endtime="20201207 17:18:28.573"></status>
</kw>
<kw name="Go To" library="SeleniumLibrary">
<doc>Navigates the current browser window to the provided ``url``.</doc>
<arguments>
<arg>${url}/dropdown</arg>
</arguments>
<msg timestamp="20201207 17:18:28.574" level="INFO">Opening url 'https://training-wheels-protocol.herokuapp.com/dropdown'</msg>
<status status="PASS" starttime="20201207 17:18:28.573" endtime="20201207 17:18:28.832"></status>
</kw>
<kw name="Select From List By Label" library="SeleniumLibrary">
<doc>Selects options from selection list ``locator`` by ``labels``.</doc>
<arguments>
<arg>class:avenger-list</arg>
<arg>Scott Lang</arg>
</arguments>
<msg timestamp="20201207 17:18:28.833" level="INFO">Selecting options from selection list 'class:avenger-list' by label Scott Lang.</msg>
<status status="PASS" starttime="20201207 17:18:28.833" endtime="20201207 17:18:28.900"></status>
</kw>
<kw name="Get Selected List Value" library="SeleniumLibrary">
<doc>Returns the value of selected option from selection list ``locator``.</doc>
<arguments>
<arg>class:avenger-list</arg>
</arguments>
<assign>
<var>${selected}</var>
</assign>
<msg timestamp="20201207 17:18:28.996" level="INFO">${selected} = 7</msg>
<status status="PASS" starttime="20201207 17:18:28.900" endtime="20201207 17:18:28.996"></status>
</kw>
<kw name="Should Be Equal" library="BuiltIn">
<doc>Fails if the given objects are unequal.</doc>
<arguments>
<arg>${selected}</arg>
<arg>7</arg>
</arguments>
<status status="PASS" starttime="20201207 17:18:28.996" endtime="20201207 17:18:28.997"></status>
</kw>
<kw name="Encerra Sessão" library="base" type="teardown">
<kw name="Close Browser" library="SeleniumLibrary">
<doc>Closes the current browser.</doc>
<status status="PASS" starttime="20201207 17:18:28.997" endtime="20201207 17:18:31.155"></status>
</kw>
<status status="PASS" starttime="20201207 17:18:28.997" endtime="20201207 17:18:31.155"></status>
</kw>
<status status="PASS" starttime="20201207 17:18:22.982" endtime="20201207 17:18:31.156" critical="yes"></status>
</test>
<test id="s1-t2" name="Selecionar pelo valor e validar pelo texto">
<kw name="Nova Sessão" library="base" type="setup">
<kw name="Open Browser" library="SeleniumLibrary">
<doc>Opens a new browser instance to the optional ``url``.</doc>
<arguments>
<arg>${url}</arg>
<arg>chrome</arg>
</arguments>
<msg timestamp="20201207 17:18:31.158" level="INFO">Opening browser 'chrome' to base url 'https://training-wheels-protocol.herokuapp.com'.</msg>
<status status="PASS" starttime="20201207 17:18:31.158" endtime="20201207 17:18:36.504"></status>
</kw>
<status status="PASS" starttime="20201207 17:18:31.158" endtime="20201207 17:18:36.504"></status>
</kw>
<kw name="Go To" library="SeleniumLibrary">
<doc>Navigates the current browser window to the provided ``url``.</doc>
<arguments>
<arg>${url}/dropdown</arg>
</arguments>
<msg timestamp="20201207 17:18:36.505" level="INFO">Opening url 'https://training-wheels-protocol.herokuapp.com/dropdown'</msg>
<status status="PASS" starttime="20201207 17:18:36.504" endtime="20201207 17:18:36.759"></status>
</kw>
<kw name="Select From List By Value" library="SeleniumLibrary">
<doc>Selects options from selection list ``locator`` by ``values``.</doc>
<arguments>
<arg>id:dropdown</arg>
<arg>1</arg>
</arguments>
<msg timestamp="20201207 17:18:36.759" level="INFO">Selecting options from selection list 'id:dropdown' by value 1.</msg>
<status status="PASS" starttime="20201207 17:18:36.759" endtime="20201207 17:18:36.825"></status>
</kw>
<kw name="Get Selected List Label" library="SeleniumLibrary">
<doc>Returns the label of selected option from selection list ``locator``.</doc>
<arguments>
<arg>id:dropdown</arg>
</arguments>
<assign>
<var>${selected}</var>
</assign>
<msg timestamp="20201207 17:18:36.880" level="INFO">${selected} = Steve Rogers</msg>
<status status="PASS" starttime="20201207 17:18:36.826" endtime="20201207 17:18:36.880"></status>
</kw>
<kw name="Should Be Equal" library="BuiltIn">
<doc>Fails if the given objects are unequal.</doc>
<arguments>
<arg>${selected}</arg>
<arg>Steve Rogers</arg>
</arguments>
<status status="PASS" starttime="20201207 17:18:36.881" endtime="20201207 17:18:36.881"></status>
</kw>
<kw name="Encerra Sessão" library="base" type="teardown">
<kw name="Close Browser" library="SeleniumLibrary">
<doc>Closes the current browser.</doc>
<status status="PASS" starttime="20201207 17:18:36.882" endtime="20201207 17:18:39.046"></status>
</kw>
<status status="PASS" starttime="20201207 17:18:36.882" endtime="20201207 17:18:39.046"></status>
</kw>
<status status="PASS" starttime="20201207 17:18:31.157" endtime="20201207 17:18:39.047" critical="yes"></status>
</test>
<status status="PASS" starttime="20201207 17:18:22.752" endtime="20201207 17:18:39.048"></status>
</suite>
<statistics>
<total>
<stat pass="2" fail="0">Critical Tests</stat>
<stat pass="2" fail="0">All Tests</stat>
</total>
<tag>
</tag>
<suite>
<stat pass="2" fail="0" id="s1" name="Droplist">Droplist</stat>
</suite>
</statistics>
<errors>
</errors>
</robot>
