<?xml version="1.0" encoding="UTF-8"?>
<robot generator="Robot 3.2.2 (Python 3.8.5 on win32)" generated="20201207 18:22:50.967" rpa="false">
<suite id="s1" name="Login" source="C:\robot\web\testes\login.robot">
<test id="s1-t1" name="Login com sucesso">
<kw name="Nova Sessão" library="base" type="setup">
<kw name="Open Browser" library="SeleniumLibrary">
<doc>Opens a new browser instance to the optional ``url``.</doc>
<arguments>
<arg>${url}</arg>
<arg>chrome</arg>
</arguments>
<msg timestamp="20201207 18:22:51.217" level="INFO">Opening browser 'chrome' to base url 'https://training-wheels-protocol.herokuapp.com'.</msg>
<status status="PASS" starttime="20201207 18:22:51.216" endtime="20201207 18:22:57.140"></status>
</kw>
<status status="PASS" starttime="20201207 18:22:51.216" endtime="20201207 18:22:57.141"></status>
</kw>
<kw name="Go To" library="SeleniumLibrary">
<doc>Navigates the current browser window to the provided ``url``.</doc>
<arguments>
<arg>${url}/login</arg>
</arguments>
<msg timestamp="20201207 18:22:57.141" level="INFO">Opening url 'https://training-wheels-protocol.herokuapp.com/login'</msg>
<status status="PASS" starttime="20201207 18:22:57.141" endtime="20201207 18:22:57.585"></status>
</kw>
<kw name="Login With">
<arguments>
<arg>stark</arg>
<arg>jarvis!</arg>
</arguments>
<kw name="Input Text" library="SeleniumLibrary">
<doc>Types the given ``text`` into the text field identified by ``locator``.</doc>
<arguments>
<arg>css:input[name=username]</arg>
<arg>${uname}</arg>
</arguments>
<msg timestamp="20201207 18:22:57.586" level="INFO">Typing text 'stark' into text field 'css:input[name=username]'.</msg>
<status status="PASS" starttime="20201207 18:22:57.586" endtime="20201207 18:22:57.663"></status>
</kw>
<kw name="Input Text" library="SeleniumLibrary">
<doc>Types the given ``text`` into the text field identified by ``locator``.</doc>
<arguments>
<arg>css:input[name=password]</arg>
<arg>${pass}</arg>
</arguments>
<msg timestamp="20201207 18:22:57.664" level="INFO">Typing text 'jarvis!' into text field 'css:input[name=password]'.</msg>
<status status="PASS" starttime="20201207 18:22:57.663" endtime="20201207 18:22:57.745"></status>
</kw>
<kw name="Click Element" library="SeleniumLibrary">
<doc>Click the element identified by ``locator``.</doc>
<arguments>
<arg>class:btn-login</arg>
</arguments>
<msg timestamp="20201207 18:22:57.745" level="INFO">Clicking element 'class:btn-login'.</msg>
<status status="PASS" starttime="20201207 18:22:57.745" endtime="20201207 18:22:58.219"></status>
</kw>
<status status="PASS" starttime="20201207 18:22:57.585" endtime="20201207 18:22:58.219"></status>
</kw>
<kw name="Should See Logged User">
<arguments>
<arg>Tony Stark</arg>
</arguments>
<kw name="Page Should Contain" library="SeleniumLibrary">
<doc>Verifies that current page contains ``text``.</doc>
<arguments>
<arg>Olá, ${full_name}. Você acessou a área logada!</arg>
</arguments>
<msg timestamp="20201207 18:22:58.235" level="INFO">Current page contains text 'Olá, Tony Stark. Você acessou a área logada!'.</msg>
<status status="PASS" starttime="20201207 18:22:58.220" endtime="20201207 18:22:58.235"></status>
</kw>
<status status="PASS" starttime="20201207 18:22:58.220" endtime="20201207 18:22:58.235"></status>
</kw>
<kw name="Encerra Sessão" library="base" type="teardown">
<kw name="Close Browser" library="SeleniumLibrary">
<doc>Closes the current browser.</doc>
<status status="PASS" starttime="20201207 18:22:58.236" endtime="20201207 18:23:00.407"></status>
</kw>
<status status="PASS" starttime="20201207 18:22:58.236" endtime="20201207 18:23:00.407"></status>
</kw>
<status status="PASS" starttime="20201207 18:22:51.215" endtime="20201207 18:23:00.408" critical="yes"></status>
</test>
<test id="s1-t2" name="Senha Invalida">
<kw name="Nova Sessão" library="base" type="setup">
<kw name="Open Browser" library="SeleniumLibrary">
<doc>Opens a new browser instance to the optional ``url``.</doc>
<arguments>
<arg>${url}</arg>
<arg>chrome</arg>
</arguments>
<msg timestamp="20201207 18:23:00.410" level="INFO">Opening browser 'chrome' to base url 'https://training-wheels-protocol.herokuapp.com'.</msg>
<status status="PASS" starttime="20201207 18:23:00.410" endtime="20201207 18:23:07.304"></status>
</kw>
<status status="PASS" starttime="20201207 18:23:00.410" endtime="20201207 18:23:07.304"></status>
</kw>
<kw name="Go To" library="SeleniumLibrary">
<doc>Navigates the current browser window to the provided ``url``.</doc>
<arguments>
<arg>${url}/login</arg>
</arguments>
<msg timestamp="20201207 18:23:07.306" level="INFO">Opening url 'https://training-wheels-protocol.herokuapp.com/login'</msg>
<status status="PASS" starttime="20201207 18:23:07.305" endtime="20201207 18:23:07.735"></status>
</kw>
<kw name="Login With">
<arguments>
<arg>stark</arg>
<arg>XXXXXXX!</arg>
</arguments>
<kw name="Input Text" library="SeleniumLibrary">
<doc>Types the given ``text`` into the text field identified by ``locator``.</doc>
<arguments>
<arg>css:input[name=username]</arg>
<arg>${uname}</arg>
</arguments>
<msg timestamp="20201207 18:23:07.736" level="INFO">Typing text 'stark' into text field 'css:input[name=username]'.</msg>
<status status="PASS" starttime="20201207 18:23:07.736" endtime="20201207 18:23:07.817"></status>
</kw>
<kw name="Input Text" library="SeleniumLibrary">
<doc>Types the given ``text`` into the text field identified by ``locator``.</doc>
<arguments>
<arg>css:input[name=password]</arg>
<arg>${pass}</arg>
</arguments>
<msg timestamp="20201207 18:23:07.818" level="INFO">Typing text 'XXXXXXX!' into text field 'css:input[name=password]'.</msg>
<status status="PASS" starttime="20201207 18:23:07.818" endtime="20201207 18:23:07.896"></status>
</kw>
<kw name="Click Element" library="SeleniumLibrary">
<doc>Click the element identified by ``locator``.</doc>
<arguments>
<arg>class:btn-login</arg>
</arguments>
<msg timestamp="20201207 18:23:07.896" level="INFO">Clicking element 'class:btn-login'.</msg>
<status status="PASS" starttime="20201207 18:23:07.896" endtime="20201207 18:23:08.351"></status>
</kw>
<status status="PASS" starttime="20201207 18:23:07.735" endtime="20201207 18:23:08.351"></status>
</kw>
<kw name="Should Contain Login Alert">
<arguments>
<arg>Senha é invalida!</arg>
</arguments>
<kw name="Get WebElement" library="SeleniumLibrary">
<doc>Returns the first WebElement matching the given ``locator``.</doc>
<arguments>
<arg>id:flash</arg>
</arguments>
<assign>
<var>${message}</var>
</assign>
<msg timestamp="20201207 18:23:08.363" level="INFO">${message} = &lt;selenium.webdriver.remote.webelement.WebElement (session="c21766fee4dc077e9f08bc237fec6c3c", element="2cca75c2-8f91-4a37-a07f-5db79d643d77")&gt;</msg>
<status status="PASS" starttime="20201207 18:23:08.352" endtime="20201207 18:23:08.363"></status>
</kw>
<kw name="Should Contain" library="BuiltIn">
<doc>Fails if ``container`` does not contain ``item`` one or more times.</doc>
<arguments>
<arg>${message.text}</arg>
<arg>${expect_message}</arg>
</arguments>
<status status="PASS" starttime="20201207 18:23:08.364" endtime="20201207 18:23:08.377"></status>
</kw>
<status status="PASS" starttime="20201207 18:23:08.352" endtime="20201207 18:23:08.377"></status>
</kw>
<kw name="Encerra Sessão" library="base" type="teardown">
<kw name="Close Browser" library="SeleniumLibrary">
<doc>Closes the current browser.</doc>
<status status="PASS" starttime="20201207 18:23:08.378" endtime="20201207 18:23:10.550"></status>
</kw>
<status status="PASS" starttime="20201207 18:23:08.378" endtime="20201207 18:23:10.550"></status>
</kw>
<tags>
<tag>login_error</tag>
</tags>
<status status="PASS" starttime="20201207 18:23:00.409" endtime="20201207 18:23:10.551" critical="yes"></status>
</test>
<test id="s1-t3" name="Usuario não existe">
<kw name="Nova Sessão" library="base" type="setup">
<kw name="Open Browser" library="SeleniumLibrary">
<doc>Opens a new browser instance to the optional ``url``.</doc>
<arguments>
<arg>${url}</arg>
<arg>chrome</arg>
</arguments>
<msg timestamp="20201207 18:23:10.554" level="INFO">Opening browser 'chrome' to base url 'https://training-wheels-protocol.herokuapp.com'.</msg>
<status status="PASS" starttime="20201207 18:23:10.553" endtime="20201207 18:23:15.975"></status>
</kw>
<status status="PASS" starttime="20201207 18:23:10.553" endtime="20201207 18:23:15.975"></status>
</kw>
<kw name="Go To" library="SeleniumLibrary">
<doc>Navigates the current browser window to the provided ``url``.</doc>
<arguments>
<arg>${url}/login</arg>
</arguments>
<msg timestamp="20201207 18:23:15.976" level="INFO">Opening url 'https://training-wheels-protocol.herokuapp.com/login'</msg>
<status status="PASS" starttime="20201207 18:23:15.976" endtime="20201207 18:23:16.401"></status>
</kw>
<kw name="Login With">
<arguments>
<arg>Luciana</arg>
<arg>XXXXXXX!</arg>
</arguments>
<kw name="Input Text" library="SeleniumLibrary">
<doc>Types the given ``text`` into the text field identified by ``locator``.</doc>
<arguments>
<arg>css:input[name=username]</arg>
<arg>${uname}</arg>
</arguments>
<msg timestamp="20201207 18:23:16.402" level="INFO">Typing text 'Luciana' into text field 'css:input[name=username]'.</msg>
<status status="PASS" starttime="20201207 18:23:16.402" endtime="20201207 18:23:16.484"></status>
</kw>
<kw name="Input Text" library="SeleniumLibrary">
<doc>Types the given ``text`` into the text field identified by ``locator``.</doc>
<arguments>
<arg>css:input[name=password]</arg>
<arg>${pass}</arg>
</arguments>
<msg timestamp="20201207 18:23:16.484" level="INFO">Typing text 'XXXXXXX!' into text field 'css:input[name=password]'.</msg>
<status status="PASS" starttime="20201207 18:23:16.484" endtime="20201207 18:23:16.573"></status>
</kw>
<kw name="Click Element" library="SeleniumLibrary">
<doc>Click the element identified by ``locator``.</doc>
<arguments>
<arg>class:btn-login</arg>
</arguments>
<msg timestamp="20201207 18:23:16.573" level="INFO">Clicking element 'class:btn-login'.</msg>
<status status="PASS" starttime="20201207 18:23:16.573" endtime="20201207 18:23:17.169"></status>
</kw>
<status status="PASS" starttime="20201207 18:23:16.401" endtime="20201207 18:23:17.170"></status>
</kw>
<kw name="Should Contain Login Alert">
<arguments>
<arg>O usuário informado não está cadastrado!</arg>
</arguments>
<kw name="Get WebElement" library="SeleniumLibrary">
<doc>Returns the first WebElement matching the given ``locator``.</doc>
<arguments>
<arg>id:flash</arg>
</arguments>
<assign>
<var>${message}</var>
</assign>
<msg timestamp="20201207 18:23:17.183" level="INFO">${message} = &lt;selenium.webdriver.remote.webelement.WebElement (session="6f737fa935e9fec3f792b49899d3cf00", element="cf470f73-b12f-4518-8bb1-c16c081380ed")&gt;</msg>
<status status="PASS" starttime="20201207 18:23:17.171" endtime="20201207 18:23:17.183"></status>
</kw>
<kw name="Should Contain" library="BuiltIn">
<doc>Fails if ``container`` does not contain ``item`` one or more times.</doc>
<arguments>
<arg>${message.text}</arg>
<arg>${expect_message}</arg>
</arguments>
<status status="PASS" starttime="20201207 18:23:17.183" endtime="20201207 18:23:17.198"></status>
</kw>
<status status="PASS" starttime="20201207 18:23:17.170" endtime="20201207 18:23:17.199"></status>
</kw>
<kw name="Encerra Sessão" library="base" type="teardown">
<kw name="Close Browser" library="SeleniumLibrary">
<doc>Closes the current browser.</doc>
<status status="PASS" starttime="20201207 18:23:17.200" endtime="20201207 18:23:19.405"></status>
</kw>
<status status="PASS" starttime="20201207 18:23:17.199" endtime="20201207 18:23:19.405"></status>
</kw>
<tags>
<tag>login_user404</tag>
</tags>
<status status="PASS" starttime="20201207 18:23:10.552" endtime="20201207 18:23:19.405" critical="yes"></status>
</test>
<status status="PASS" starttime="20201207 18:22:50.970" endtime="20201207 18:23:19.405"></status>
</suite>
<statistics>
<total>
<stat pass="3" fail="0">Critical Tests</stat>
<stat pass="3" fail="0">All Tests</stat>
</total>
<tag>
<stat pass="1" fail="0">login_error</stat>
<stat pass="1" fail="0">login_user404</stat>
</tag>
<suite>
<stat pass="3" fail="0" id="s1" name="Login">Login</stat>
</suite>
</statistics>
<errors>
</errors>
</robot>
